[debug] [2023-07-24T09:48:36.269Z] ----------------------------------------------------------------------
[debug] [2023-07-24T09:48:36.272Z] Command:       C:\Program Files\nodejs\node.exe C:\Users\CS Store\AppData\Roaming\npm\node_modules\firebase-tools\lib\bin\firebase.js init
[debug] [2023-07-24T09:48:36.273Z] CLI Version:   12.4.5
[debug] [2023-07-24T09:48:36.273Z] Platform:      win32
[debug] [2023-07-24T09:48:36.274Z] Node Version:  v18.15.0
[debug] [2023-07-24T09:48:36.275Z] Time:          Mon Jul 24 2023 17:48:36 GMT+0800 (China Standard Time)
[debug] [2023-07-24T09:48:36.275Z] ----------------------------------------------------------------------
[debug] 
[debug] [2023-07-24T09:48:36.398Z] > command requires scopes: ["email","openid","https://www.googleapis.com/auth/cloudplatformprojects.readonly","https://www.googleapis.com/auth/firebase","https://www.googleapis.com/auth/cloud-platform"]
[debug] [2023-07-24T09:48:36.399Z] > authorizing via signed-in user (ut027908@gmail.com)
[info] 
     ######## #### ########  ######## ########     ###     ######  ########
     ##        ##  ##     ## ##       ##     ##  ##   ##  ##       ##
     ######    ##  ########  ######   ########  #########  ######  ######
     ##        ##  ##    ##  ##       ##     ## ##     ##       ## ##
     ##       #### ##     ## ######## ########  ##     ##  ######  ########

You're about to initialize a Firebase project in this directory:

  D:\mernportfolio

Before we get started, keep in mind:

  * You are initializing within an existing Firebase project directory

[info] 
=== Project Setup
[info] 
[info] First, let's associate this project directory with a Firebase project.
[info] You can create multiple project aliases by running firebase use --add, 
[info] but for now we'll just set up a default project.
[info] 
[debug] [2023-07-24T09:48:40.318Z] Using project from CLI flag: ecommerce-fb219
[debug] [2023-07-24T09:48:40.322Z] >>> [apiv2][query] GET https://firebase.googleapis.com/v1beta1/projects/ecommerce-fb219 [none]
[debug] [2023-07-24T09:48:40.917Z] <<< [apiv2][status] GET https://firebase.googleapis.com/v1beta1/projects/ecommerce-fb219 200
[debug] [2023-07-24T09:48:40.917Z] <<< [apiv2][body] GET https://firebase.googleapis.com/v1beta1/projects/ecommerce-fb219 {"projectId":"ecommerce-fb219","projectNumber":"1086164060051","displayName":"ECOMMERCE","name":"projects/ecommerce-fb219","resources":{"hostingSite":"ecommerce-fb219"},"state":"ACTIVE","etag":"1_af8ad7de-7510-447a-b28f-3db42722a884"}
[info] i  Using project ecommerce-fb219 (ECOMMERCE) 
[info] 
=== Hosting Setup
[info] 
[info] Your public directory is the folder (relative to your project directory) that
[info] will contain Hosting assets to be uploaded with firebase deploy. If you
[info] have a build process for your assets, use your build's output directory.
[info] 
[info] +  Wrote public/404.html 
[debug] [2023-07-24T09:49:31.988Z] >>> [apiv2][query] GET https://www.gstatic.com/firebasejs/releases.json [none]
[debug] [2023-07-24T09:49:32.284Z] <<< [apiv2][status] GET https://www.gstatic.com/firebasejs/releases.json 200
[debug] [2023-07-24T09:49:32.284Z] <<< [apiv2][body] GET https://www.gstatic.com/firebasejs/releases.json {"current":{"version":"10.1.0","browserURL":"https://www.gstatic.com/firebasejs/10.1.0/firebase.js","packageURL":"https://www.gstatic.com/firebasejs/10.1.0/firebase.tgz"},"live":{"version":"10.1","browserURL":"https://www.gstatic.com/firebasejs/live/10.1/firebase.js","packageURL":"https://www.gstatic.com/firebasejs/live/10.1/firebase.tgz"},"components":{"analytics":"https://www.gstatic.com/firebasejs/10.1.0/firebase-analytics.js","app":"https://www.gstatic.com/firebasejs/10.1.0/firebase-app.js","app-check":"https://www.gstatic.com/firebasejs/10.1.0/firebase-app-check.js","auth":"https://www.gstatic.com/firebasejs/10.1.0/firebase-auth.js","auth/cordova":"https://www.gstatic.com/firebasejs/10.1.0/firebase-auth/cordova.js","functions":"https://www.gstatic.com/firebasejs/10.1.0/firebase-functions.js","firestore":"https://www.gstatic.com/firebasejs/10.1.0/firebase-firestore.js","firestore/lite":"https://www.gstatic.com/firebasejs/10.1.0/firebase-firestore/lite.js","installations":"https://www.gstatic.com/firebasejs/10.1.0/firebase-installations.js","storage":"https://www.gstatic.com/firebasejs/10.1.0/firebase-storage.js","performance":"https://www.gstatic.com/firebasejs/10.1.0/firebase-performance.js","remote-config":"https://www.gstatic.com/firebasejs/10.1.0/firebase-remote-config.js","messaging":"https://www.gstatic.com/firebasejs/10.1.0/firebase-messaging.js","messaging/sw":"https://www.gstatic.com/firebasejs/10.1.0/firebase-messaging/sw.js","database":"https://www.gstatic.com/firebasejs/10.1.0/firebase-database.js","firestore.memory":"https://www.gstatic.com/firebasejs/10.1.0/firebase-firestore.memory.js"}}
[info] i  Skipping write of public/index.html 
[info] 
[info] i  Writing configuration info to firebase.json... 
[info] i  Writing project information to .firebaserc... 
[info] 
[info] +  Firebase initialization complete! 
